[    54.001] (--) Log file renamed from "/home/bulgan/.local/share/xorg/Xorg.pid-1316.log" to "/home/bulgan/.local/share/xorg/Xorg.0.log"
[    54.002] 
X.Org X Server 1.19.6
Release Date: 2017-12-20
[    54.002] X Protocol Version 11, Revision 0
[    54.002] Build Operating System: Linux 4.4.0-119-generic x86_64 Ubuntu
[    54.003] Current Operating System: Linux bulgan-HP-Laptop-15-bs0xx 4.15.0-20-generic #21-Ubuntu SMP Tue Apr 24 06:16:15 UTC 2018 x86_64
[    54.003] Kernel command line: BOOT_IMAGE=/vmlinuz-4.15.0-20-generic root=UUID=075cc457-db28-4bec-8555-dc5478d563a4 ro quiet splash vt.handoff=1
[    54.003] Build Date: 13 April 2018  08:07:36PM
[    54.003] xorg-server 2:1.19.6-1ubuntu4 (For technical support please see http://www.ubuntu.com/support) 
[    54.003] Current version of pixman: 0.34.0
[    54.003] 	Before reporting problems, check http://wiki.x.org
	to make sure that you have the latest version.
[    54.003] Markers: (--) probed, (**) from config file, (==) default setting,
	(++) from command line, (!!) notice, (II) informational,
	(WW) warning, (EE) error, (NI) not implemented, (??) unknown.
[    54.003] (==) Log file: "/home/bulgan/.local/share/xorg/Xorg.0.log", Time: Thu Aug 16 00:25:33 2018
[    54.021] (==) Using system config directory "/usr/share/X11/xorg.conf.d"
[    54.022] (==) No Layout section.  Using the first Screen section.
[    54.022] (==) No screen section available. Using defaults.
[    54.022] (**) |-->Screen "Default Screen Section" (0)
[    54.022] (**) |   |-->Monitor "<default monitor>"
[    54.023] (==) No monitor specified for screen "Default Screen Section".
	Using a default monitor configuration.
[    54.023] (==) Automatically adding devices
[    54.023] (==) Automatically enabling devices
[    54.023] (==) Automatically adding GPU devices
[    54.023] (==) Automatically binding GPU devices
[    54.023] (==) Max clients allowed: 256, resource mask: 0x1fffff
[    54.023] (WW) The directory "/usr/share/fonts/X11/cyrillic" does not exist.
[    54.023] 	Entry deleted from font path.
[    54.023] (WW) The directory "/usr/share/fonts/X11/100dpi/" does not exist.
[    54.023] 	Entry deleted from font path.
[    54.023] (WW) The directory "/usr/share/fonts/X11/75dpi/" does not exist.
[    54.023] 	Entry deleted from font path.
[    54.023] (WW) The directory "/usr/share/fonts/X11/100dpi" does not exist.
[    54.023] 	Entry deleted from font path.
[    54.023] (WW) The directory "/usr/share/fonts/X11/75dpi" does not exist.
[    54.023] 	Entry deleted from font path.
[    54.023] (==) FontPath set to:
	/usr/share/fonts/X11/misc,
	/usr/share/fonts/X11/Type1,
	built-ins
[    54.023] (==) ModulePath set to "/usr/lib/xorg/modules"
[    54.023] (II) The server relies on udev to provide the list of input devices.
	If no devices become available, reconfigure udev or disable AutoAddDevices.
[    54.023] (II) Loader magic: 0x563d2f528020
[    54.023] (II) Module ABI versions:
[    54.023] 	X.Org ANSI C Emulation: 0.4
[    54.023] 	X.Org Video Driver: 23.0
[    54.023] 	X.Org XInput driver : 24.1
[    54.023] 	X.Org Server Extension : 10.0
[    54.025] (++) using VT number 2

[    54.032] (II) systemd-logind: took control of session /org/freedesktop/login1/session/_32
[    54.034] (II) xfree86: Adding drm device (/dev/dri/card0)
[    54.035] (II) systemd-logind: got fd for /dev/dri/card0 226:0 fd 12 paused 0
[    54.040] (--) PCI:*(0:0:2:0) 8086:5916:103c:832a rev 2, Mem @ 0xb0000000/16777216, 0xa0000000/268435456, I/O @ 0x00004000/64, BIOS @ 0x????????/131072
[    54.040] (II) LoadModule: "glx"
[    54.041] (II) Loading /usr/lib/xorg/modules/extensions/libglx.so
[    54.042] (II) Module glx: vendor="X.Org Foundation"
[    54.042] 	compiled for 1.19.6, module version = 1.0.0
[    54.042] 	ABI class: X.Org Server Extension, version 10.0
[    54.043] (==) Matched modesetting as autoconfigured driver 0
[    54.043] (==) Matched fbdev as autoconfigured driver 1
[    54.043] (==) Matched vesa as autoconfigured driver 2
[    54.043] (==) Assigned the driver to the xf86ConfigLayout
[    54.043] (II) LoadModule: "modesetting"
[    54.043] (II) Loading /usr/lib/xorg/modules/drivers/modesetting_drv.so
[    54.043] (II) Module modesetting: vendor="X.Org Foundation"
[    54.043] 	compiled for 1.19.6, module version = 1.19.6
[    54.043] 	Module class: X.Org Video Driver
[    54.043] 	ABI class: X.Org Video Driver, version 23.0
[    54.043] (II) LoadModule: "fbdev"
[    54.043] (II) Loading /usr/lib/xorg/modules/drivers/fbdev_drv.so
[    54.044] (II) Module fbdev: vendor="X.Org Foundation"
[    54.044] 	compiled for 1.19.3, module version = 0.4.4
[    54.044] 	Module class: X.Org Video Driver
[    54.044] 	ABI class: X.Org Video Driver, version 23.0
[    54.044] (II) LoadModule: "vesa"
[    54.044] (II) Loading /usr/lib/xorg/modules/drivers/vesa_drv.so
[    54.044] (II) Module vesa: vendor="X.Org Foundation"
[    54.044] 	compiled for 1.19.3, module version = 2.3.4
[    54.044] 	Module class: X.Org Video Driver
[    54.044] 	ABI class: X.Org Video Driver, version 23.0
[    54.044] (II) modesetting: Driver for Modesetting Kernel Drivers: kms
[    54.044] (II) FBDEV: driver for framebuffer: fbdev
[    54.044] (II) VESA: driver for VESA chipsets: vesa
[    54.044] xf86EnableIOPorts: failed to set IOPL for I/O (Operation not permitted)
[    54.045] (II) modeset(0): using drv /dev/dri/card0
[    54.045] (WW) Falling back to old probe method for fbdev
[    54.045] (II) Loading sub module "fbdevhw"
[    54.045] (II) LoadModule: "fbdevhw"
[    54.045] (II) Loading /usr/lib/xorg/modules/libfbdevhw.so
[    54.045] (II) Module fbdevhw: vendor="X.Org Foundation"
[    54.045] 	compiled for 1.19.6, module version = 0.0.2
[    54.045] 	ABI class: X.Org Video Driver, version 23.0
[    54.045] (EE) open /dev/fb0: Permission denied
[    54.045] (WW) Falling back to old probe method for vesa
[    54.045] (WW) VGA arbiter: cannot open kernel arbiter, no multi-card support
[    54.045] (II) modeset(0): Creating default Display subsection in Screen section
	"Default Screen Section" for depth/fbbpp 24/32
[    54.045] (==) modeset(0): Depth 24, (==) framebuffer bpp 32
[    54.045] (==) modeset(0): RGB weight 888
[    54.045] (==) modeset(0): Default visual is TrueColor
[    54.045] (II) Loading sub module "glamoregl"
[    54.045] (II) LoadModule: "glamoregl"
[    54.045] (II) Loading /usr/lib/xorg/modules/libglamoregl.so
[    54.052] (II) Module glamoregl: vendor="X.Org Foundation"
[    54.052] 	compiled for 1.19.6, module version = 1.0.0
[    54.052] 	ABI class: X.Org ANSI C Emulation, version 0.4
[    54.052] (II) glamor: OpenGL accelerated X.org driver based.
[    54.065] (II) glamor: EGL version 1.4 (DRI2):
[    54.069] (II) modeset(0): glamor initialized
[    54.070] (II) modeset(0): Output eDP-1 has no monitor section
[    54.081] (II) modeset(0): Output HDMI-1 has no monitor section
[    54.082] (II) modeset(0): EDID for output eDP-1
[    54.082] (II) modeset(0): Manufacturer: AUO  Model: 10ec  Serial#: 0
[    54.082] (II) modeset(0): Year: 2016  Week: 0
[    54.082] (II) modeset(0): EDID Version: 1.4
[    54.082] (II) modeset(0): Digital Display Input
[    54.082] (II) modeset(0): 6 bits per channel
[    54.082] (II) modeset(0): Digital interface is DisplayPort
[    54.082] (II) modeset(0): Max Image Size [cm]: horiz.: 34  vert.: 19
[    54.082] (II) modeset(0): Gamma: 2.20
[    54.082] (II) modeset(0): No DPMS capabilities specified
[    54.082] (II) modeset(0): Supported color encodings: RGB 4:4:4 
[    54.082] (II) modeset(0): First detailed timing is preferred mode
[    54.082] (II) modeset(0): Preferred mode is native pixel format and refresh rate
[    54.082] (II) modeset(0): redX: 0.580 redY: 0.335   greenX: 0.330 greenY: 0.565
[    54.082] (II) modeset(0): blueX: 0.155 blueY: 0.140   whiteX: 0.313 whiteY: 0.329
[    54.082] (II) modeset(0): Manufacturer's mask: 0
[    54.082] (II) modeset(0): Supported detailed timing:
[    54.082] (II) modeset(0): clock: 76.3 MHz   Image Size:  344 x 193 mm
[    54.082] (II) modeset(0): h_active: 1366  h_sync: 1374  h_sync_end 1384 h_blank_end 1556 h_border: 0
[    54.082] (II) modeset(0): v_active: 768  v_sync: 771  v_sync_end 777 v_blanking: 816 v_border: 0
[    54.082] (II) modeset(0): Supported detailed timing:
[    54.082] (II) modeset(0): clock: 50.9 MHz   Image Size:  344 x 193 mm
[    54.082] (II) modeset(0): h_active: 1366  h_sync: 1374  h_sync_end 1384 h_blank_end 1556 h_border: 0
[    54.082] (II) modeset(0): v_active: 768  v_sync: 771  v_sync_end 777 v_blanking: 816 v_border: 0
[    54.082] (II) modeset(0): Unknown vendor-specific block 2
[    54.082] (II) modeset(0): EDID (in hex):
[    54.082] (II) modeset(0): 	00ffffffffffff0006afec1000000000
[    54.082] (II) modeset(0): 	001a01049522137802bbf59455549027
[    54.082] (II) modeset(0): 	23505400000001010101010101010101
[    54.082] (II) modeset(0): 	010101010101ce1d56be50003030080a
[    54.082] (II) modeset(0): 	360058c110000018df1356be50003030
[    54.082] (II) modeset(0): 	080a360058c110000018000000000000
[    54.082] (II) modeset(0): 	00000000000000000000000000000002
[    54.082] (II) modeset(0): 	00104cff0f3c640f0b11642020200005
[    54.082] (II) modeset(0): Printing probed modes for output eDP-1
[    54.082] (II) modeset(0): Modeline "1366x768"x60.1   76.30  1366 1374 1384 1556  768 771 777 816 -hsync -vsync (49.0 kHz eP)
[    54.082] (II) modeset(0): Modeline "1366x768"x40.1   50.87  1366 1374 1384 1556  768 771 777 816 -hsync -vsync (32.7 kHz e)
[    54.082] (II) modeset(0): Modeline "1360x768"x59.8   84.75  1360 1432 1568 1776  768 771 781 798 -hsync +vsync (47.7 kHz d)
[    54.082] (II) modeset(0): Modeline "1360x768"x60.0   72.00  1360 1408 1440 1520  768 771 781 790 +hsync -vsync (47.4 kHz d)
[    54.082] (II) modeset(0): Modeline "1280x720"x120.0  156.12  1280 1376 1512 1744  720 721 724 746 doublescan -hsync +vsync (89.5 kHz d)
[    54.082] (II) modeset(0): Modeline "1280x720"x120.0  120.75  1280 1304 1320 1360  720 721 724 740 doublescan +hsync -vsync (88.8 kHz d)
[    54.082] (II) modeset(0): Modeline "1280x720"x59.9   74.50  1280 1344 1472 1664  720 723 728 748 -hsync +vsync (44.8 kHz d)
[    54.082] (II) modeset(0): Modeline "1280x720"x59.7   63.75  1280 1328 1360 1440  720 723 728 741 +hsync -vsync (44.3 kHz d)
[    54.082] (II) modeset(0): Modeline "1024x768"x120.1  133.47  1024 1100 1212 1400  768 768 770 794 doublescan -hsync +vsync (95.3 kHz d)
[    54.082] (II) modeset(0): Modeline "1024x768"x60.0   65.00  1024 1048 1184 1344  768 771 777 806 -hsync -vsync (48.4 kHz d)
[    54.082] (II) modeset(0): Modeline "960x720"x120.0  117.00  960 1024 1128 1300  720 720 722 750 doublescan -hsync +vsync (90.0 kHz d)
[    54.082] (II) modeset(0): Modeline "928x696"x120.1  109.15  928 976 1088 1264  696 696 698 719 doublescan -hsync +vsync (86.4 kHz d)
[    54.082] (II) modeset(0): Modeline "896x672"x120.0  102.40  896 960 1060 1224  672 672 674 697 doublescan -hsync +vsync (83.7 kHz d)
[    54.082] (II) modeset(0): Modeline "1024x576"x119.9   98.50  1024 1092 1200 1376  576 577 580 597 doublescan -hsync +vsync (71.6 kHz d)
[    54.082] (II) modeset(0): Modeline "1024x576"x119.9   78.38  1024 1048 1064 1104  576 577 580 592 doublescan +hsync -vsync (71.0 kHz d)
[    54.082] (II) modeset(0): Modeline "1024x576"x59.9   46.50  1024 1064 1160 1296  576 579 584 599 -hsync +vsync (35.9 kHz d)
[    54.082] (II) modeset(0): Modeline "1024x576"x59.8   42.00  1024 1072 1104 1184  576 579 584 593 +hsync -vsync (35.5 kHz d)
[    54.082] (II) modeset(0): Modeline "960x600"x119.9   96.62  960 1028 1128 1296  600 601 604 622 doublescan -hsync +vsync (74.6 kHz d)
[    54.082] (II) modeset(0): Modeline "960x600"x120.0   77.00  960 984 1000 1040  600 601 604 617 doublescan +hsync -vsync (74.0 kHz d)
[    54.082] (II) modeset(0): Modeline "960x540"x119.9   86.50  960 1024 1124 1288  540 541 544 560 doublescan -hsync +vsync (67.2 kHz d)
[    54.082] (II) modeset(0): Modeline "960x540"x120.0   69.25  960 984 1000 1040  540 541 544 555 doublescan +hsync -vsync (66.6 kHz d)
[    54.082] (II) modeset(0): Modeline "960x540"x59.6   40.75  960 992 1088 1216  540 543 548 562 -hsync +vsync (33.5 kHz d)
[    54.082] (II) modeset(0): Modeline "960x540"x59.8   37.25  960 1008 1040 1120  540 543 548 556 +hsync -vsync (33.3 kHz d)
[    54.082] (II) modeset(0): Modeline "800x600"x120.0   81.00  800 832 928 1080  600 600 602 625 doublescan +hsync +vsync (75.0 kHz d)
[    54.082] (II) modeset(0): Modeline "800x600"x60.3   40.00  800 840 968 1056  600 601 605 628 +hsync +vsync (37.9 kHz d)
[    54.082] (II) modeset(0): Modeline "800x600"x56.2   36.00  800 824 896 1024  600 601 603 625 +hsync +vsync (35.2 kHz d)
[    54.082] (II) modeset(0): Modeline "840x525"x120.0   73.12  840 892 980 1120  525 526 529 544 doublescan -hsync +vsync (65.3 kHz d)
[    54.082] (II) modeset(0): Modeline "840x525"x119.8   59.50  840 864 880 920  525 526 529 540 doublescan +hsync -vsync (64.7 kHz d)
[    54.082] (II) modeset(0): Modeline "864x486"x59.9   32.50  864 888 968 1072  486 489 494 506 -hsync +vsync (30.3 kHz d)
[    54.082] (II) modeset(0): Modeline "864x486"x59.6   30.50  864 912 944 1024  486 489 494 500 +hsync -vsync (29.8 kHz d)
[    54.082] (II) modeset(0): Modeline "800x512"x120.3   51.56  800 800 828 832  512 512 514 515 doublescan +hsync +vsync (62.0 kHz d)
[    54.082] (II) modeset(0): Modeline "700x525"x120.0   61.00  700 744 820 940  525 526 532 541 doublescan +hsync +vsync (64.9 kHz d)
[    54.082] (II) modeset(0): Modeline "800x450"x119.9   59.12  800 848 928 1056  450 451 454 467 doublescan -hsync +vsync (56.0 kHz d)
[    54.082] (II) modeset(0): Modeline "800x450"x119.6   48.75  800 824 840 880  450 451 454 463 doublescan +hsync -vsync (55.4 kHz d)
[    54.082] (II) modeset(0): Modeline "640x512"x120.0   54.00  640 664 720 844  512 512 514 533 doublescan +hsync +vsync (64.0 kHz d)
[    54.082] (II) modeset(0): Modeline "720x450"x119.8   53.25  720 760 836 952  450 451 454 467 doublescan -hsync +vsync (55.9 kHz d)
[    54.082] (II) modeset(0): Modeline "700x450"x119.9   51.75  700 740 812 924  450 451 456 467 doublescan -hsync +vsync (56.0 kHz d)
[    54.082] (II) modeset(0): Modeline "700x450"x119.8   43.25  700 724 740 780  450 451 456 463 doublescan +hsync -vsync (55.4 kHz d)
[    54.082] (II) modeset(0): Modeline "640x480"x120.0   54.00  640 688 744 900  480 480 482 500 doublescan +hsync +vsync (60.0 kHz d)
[    54.082] (II) modeset(0): Modeline "640x480"x59.9   25.18  640 656 752 800  480 490 492 525 -hsync -vsync (31.5 kHz d)
[    54.082] (II) modeset(0): Modeline "720x405"x59.5   22.50  720 744 808 896  405 408 413 422 -hsync +vsync (25.1 kHz d)
[    54.082] (II) modeset(0): Modeline "720x405"x59.0   21.75  720 768 800 880  405 408 413 419 +hsync -vsync (24.7 kHz d)
[    54.082] (II) modeset(0): Modeline "684x384"x119.8   42.62  684 720 788 892  384 385 390 399 doublescan -hsync +vsync (47.8 kHz d)
[    54.082] (II) modeset(0): Modeline "684x384"x119.7   36.12  684 708 724 764  384 385 390 395 doublescan +hsync -vsync (47.3 kHz d)
[    54.082] (II) modeset(0): Modeline "680x384"x119.6   42.38  680 716 784 888  384 385 390 399 doublescan -hsync +vsync (47.7 kHz d)
[    54.082] (II) modeset(0): Modeline "680x384"x119.9   36.00  680 704 720 760  384 385 390 395 doublescan +hsync -vsync (47.4 kHz d)
[    54.082] (II) modeset(0): Modeline "640x400"x119.8   41.75  640 676 740 840  400 401 404 415 doublescan -hsync +vsync (49.7 kHz d)
[    54.082] (II) modeset(0): Modeline "640x400"x120.0   35.50  640 664 680 720  400 401 404 411 doublescan +hsync -vsync (49.3 kHz d)
[    54.082] (II) modeset(0): Modeline "576x432"x120.1   40.81  576 608 668 760  432 432 434 447 doublescan -hsync +vsync (53.7 kHz d)
[    54.082] (II) modeset(0): Modeline "640x360"x119.7   37.25  640 672 736 832  360 361 364 374 doublescan -hsync +vsync (44.8 kHz d)
[    54.082] (II) modeset(0): Modeline "640x360"x119.7   31.88  640 664 680 720  360 361 364 370 doublescan +hsync -vsync (44.3 kHz d)
[    54.082] (II) modeset(0): Modeline "640x360"x59.8   18.00  640 664 720 800  360 363 368 376 -hsync +vsync (22.5 kHz d)
[    54.082] (II) modeset(0): Modeline "640x360"x59.3   17.75  640 688 720 800  360 363 368 374 +hsync -vsync (22.2 kHz d)
[    54.082] (II) modeset(0): Modeline "512x384"x120.0   32.50  512 524 592 672  384 385 388 403 doublescan -hsync -vsync (48.4 kHz d)
[    54.082] (II) modeset(0): Modeline "512x288"x120.0   23.25  512 532 580 648  288 289 292 299 doublescan -hsync +vsync (35.9 kHz d)
[    54.082] (II) modeset(0): Modeline "512x288"x119.8   21.00  512 536 552 592  288 289 292 296 doublescan +hsync -vsync (35.5 kHz d)
[    54.082] (II) modeset(0): Modeline "480x270"x119.3   20.38  480 496 544 608  270 271 274 281 doublescan -hsync +vsync (33.5 kHz d)
[    54.082] (II) modeset(0): Modeline "480x270"x119.6   18.62  480 504 520 560  270 271 274 278 doublescan +hsync -vsync (33.3 kHz d)
[    54.082] (II) modeset(0): Modeline "400x300"x120.6   20.00  400 420 484 528  300 300 302 314 doublescan +hsync +vsync (37.9 kHz d)
[    54.082] (II) modeset(0): Modeline "400x300"x112.7   18.00  400 412 448 512  300 300 301 312 doublescan +hsync +vsync (35.2 kHz d)
[    54.082] (II) modeset(0): Modeline "432x243"x119.8   16.25  432 444 484 536  243 244 247 253 doublescan -hsync +vsync (30.3 kHz d)
[    54.082] (II) modeset(0): Modeline "432x243"x119.1   15.25  432 456 472 512  243 244 247 250 doublescan +hsync -vsync (29.8 kHz d)
[    54.082] (II) modeset(0): Modeline "320x240"x120.1   12.59  320 328 376 400  240 245 246 262 doublescan -hsync -vsync (31.5 kHz d)
[    54.082] (II) modeset(0): Modeline "360x202"x119.0   11.25  360 372 404 448  202 204 206 211 doublescan -hsync +vsync (25.1 kHz d)
[    54.082] (II) modeset(0): Modeline "360x202"x118.3   10.88  360 384 400 440  202 204 206 209 doublescan +hsync -vsync (24.7 kHz d)
[    54.082] (II) modeset(0): Modeline "320x180"x119.7    9.00  320 332 360 400  180 181 184 188 doublescan -hsync +vsync (22.5 kHz d)
[    54.082] (II) modeset(0): Modeline "320x180"x118.6    8.88  320 344 360 400  180 181 184 187 doublescan +hsync -vsync (22.2 kHz d)
[    54.092] (II) modeset(0): EDID for output HDMI-1
[    54.092] (II) modeset(0): Output eDP-1 connected
[    54.092] (II) modeset(0): Output HDMI-1 disconnected
[    54.092] (II) modeset(0): Using exact sizes for initial modes
[    54.092] (II) modeset(0): Output eDP-1 using initial mode 1366x768 +0+0
[    54.092] (==) modeset(0): Using gamma correction (1.0, 1.0, 1.0)
[    54.092] (==) modeset(0): DPI set to (96, 96)
[    54.092] (II) Loading sub module "fb"
[    54.092] (II) LoadModule: "fb"
[    54.092] (II) Loading /usr/lib/xorg/modules/libfb.so
[    54.092] (II) Module fb: vendor="X.Org Foundation"
[    54.092] 	compiled for 1.19.6, module version = 1.0.0
[    54.092] 	ABI class: X.Org ANSI C Emulation, version 0.4
[    54.092] (II) UnloadModule: "fbdev"
[    54.092] (II) Unloading fbdev
[    54.092] (II) UnloadSubModule: "fbdevhw"
[    54.092] (II) Unloading fbdevhw
[    54.092] (II) UnloadModule: "vesa"
[    54.092] (II) Unloading vesa
[    54.092] (==) Depth 24 pixmap format is 32 bpp
[    54.189] (==) modeset(0): Backing store enabled
[    54.189] (==) modeset(0): Silken mouse enabled
[    54.189] (II) modeset(0): RandR 1.2 enabled, ignore the following RandR disabled message.
[    54.284] (==) modeset(0): DPMS enabled
[    54.284] (II) modeset(0): [DRI2] Setup complete
[    54.284] (II) modeset(0): [DRI2]   DRI driver: i965
[    54.284] (II) modeset(0): [DRI2]   VDPAU driver: i965
[    54.284] (--) RandR disabled
[    54.305] (II) SELinux: Disabled on system
[    54.319] (II) AIGLX: enabled GLX_MESA_copy_sub_buffer
[    54.319] (II) AIGLX: enabled GLX_ARB_create_context
[    54.319] (II) AIGLX: enabled GLX_ARB_create_context_profile
[    54.319] (II) AIGLX: enabled GLX_EXT_create_context_es{,2}_profile
[    54.319] (II) AIGLX: enabled GLX_INTEL_swap_event
[    54.319] (II) AIGLX: enabled GLX_SGI_swap_control
[    54.319] (II) AIGLX: enabled GLX_EXT_framebuffer_sRGB
[    54.319] (II) AIGLX: enabled GLX_ARB_fbconfig_float
[    54.319] (II) AIGLX: enabled GLX_EXT_fbconfig_packed_float
[    54.319] (II) AIGLX: GLX_EXT_texture_from_pixmap backed by buffer objects
[    54.319] (II) AIGLX: enabled GLX_ARB_create_context_robustness
[    54.320] (II) AIGLX: Loaded and initialized i965
[    54.320] (II) GLX: Initialized DRI2 GL provider for screen 0
[    54.324] (II) modeset(0): Damage tracking initialized
[    54.324] (II) modeset(0): Setting screen physical size to 361 x 203
[    54.353] (II) config/udev: Adding input device Power Button (/dev/input/event1)
[    54.353] (**) Power Button: Applying InputClass "libinput keyboard catchall"
[    54.353] (II) LoadModule: "libinput"
[    54.353] (II) Loading /usr/lib/xorg/modules/input/libinput_drv.so
[    54.354] (II) Module libinput: vendor="X.Org Foundation"
[    54.354] 	compiled for 1.19.6, module version = 0.27.1
[    54.354] 	Module class: X.Org XInput Driver
[    54.354] 	ABI class: X.Org XInput driver, version 24.1
[    54.354] (II) Using input driver 'libinput' for 'Power Button'
[    54.355] (II) systemd-logind: got fd for /dev/input/event1 13:65 fd 21 paused 0
[    54.355] (**) Power Button: always reports core events
[    54.355] (**) Option "Device" "/dev/input/event1"
[    54.355] (**) Option "_source" "server/udev"
[    54.355] (II) event1  - Power Button: is tagged by udev as: Keyboard
[    54.355] (II) event1  - Power Button: device is a keyboard
[    54.355] (II) event1  - Power Button: device removed
[    54.355] (**) Option "config_info" "udev:/sys/devices/LNXSYSTM:00/LNXPWRBN:00/input/input1/event1"
[    54.355] (II) XINPUT: Adding extended input device "Power Button" (type: KEYBOARD, id 6)
[    54.355] (**) Option "xkb_model" "pc105"
[    54.355] (**) Option "xkb_layout" "us"
[    54.356] (II) event1  - Power Button: is tagged by udev as: Keyboard
[    54.356] (II) event1  - Power Button: device is a keyboard
[    54.356] (II) config/udev: Adding input device Video Bus (/dev/input/event3)
[    54.356] (**) Video Bus: Applying InputClass "libinput keyboard catchall"
[    54.356] (II) Using input driver 'libinput' for 'Video Bus'
[    54.358] (II) systemd-logind: got fd for /dev/input/event3 13:67 fd 24 paused 0
[    54.358] (**) Video Bus: always reports core events
[    54.358] (**) Option "Device" "/dev/input/event3"
[    54.358] (**) Option "_source" "server/udev"
[    54.358] (II) event3  - Video Bus: is tagged by udev as: Keyboard
[    54.358] (II) event3  - Video Bus: device is a keyboard
[    54.358] (II) event3  - Video Bus: device removed
[    54.358] (**) Option "config_info" "udev:/sys/devices/LNXSYSTM:00/LNXSYBUS:00/PNP0A08:00/LNXVIDEO:00/input/input5/event3"
[    54.358] (II) XINPUT: Adding extended input device "Video Bus" (type: KEYBOARD, id 7)
[    54.358] (**) Option "xkb_model" "pc105"
[    54.358] (**) Option "xkb_layout" "us"
[    54.359] (II) event3  - Video Bus: is tagged by udev as: Keyboard
[    54.359] (II) event3  - Video Bus: device is a keyboard
[    54.359] (II) config/udev: Adding input device Lid Switch (/dev/input/event0)
[    54.359] (II) No input driver specified, ignoring this device.
[    54.359] (II) This device may have been added with another device file.
[    54.360] (II) config/udev: Adding input device HP TrueVision HD Camera: HP Tru (/dev/input/event8)
[    54.360] (**) HP TrueVision HD Camera: HP Tru: Applying InputClass "libinput keyboard catchall"
[    54.360] (II) Using input driver 'libinput' for 'HP TrueVision HD Camera: HP Tru'
[    54.360] (II) systemd-logind: got fd for /dev/input/event8 13:72 fd 25 paused 0
[    54.360] (**) HP TrueVision HD Camera: HP Tru: always reports core events
[    54.360] (**) Option "Device" "/dev/input/event8"
[    54.360] (**) Option "_source" "server/udev"
[    54.361] (II) event8  - HP TrueVision HD Camera: HP Tru: is tagged by udev as: Keyboard
[    54.361] (II) event8  - HP TrueVision HD Camera: HP Tru: device is a keyboard
[    54.361] (II) event8  - HP TrueVision HD Camera: HP Tru: device removed
[    54.361] (**) Option "config_info" "udev:/sys/devices/pci0000:00/0000:00:14.0/usb1/1-5/1-5:1.0/input/input12/event8"
[    54.361] (II) XINPUT: Adding extended input device "HP TrueVision HD Camera: HP Tru" (type: KEYBOARD, id 8)
[    54.361] (**) Option "xkb_model" "pc105"
[    54.361] (**) Option "xkb_layout" "us"
[    54.361] (II) event8  - HP TrueVision HD Camera: HP Tru: is tagged by udev as: Keyboard
[    54.361] (II) event8  - HP TrueVision HD Camera: HP Tru: device is a keyboard
[    54.362] (II) config/udev: Adding input device ELAN Touchscreen (/dev/input/event6)
[    54.362] (**) ELAN Touchscreen: Applying InputClass "libinput touchscreen catchall"
[    54.362] (II) Using input driver 'libinput' for 'ELAN Touchscreen'
[    54.362] (II) systemd-logind: got fd for /dev/input/event6 13:70 fd 26 paused 0
[    54.362] (**) ELAN Touchscreen: always reports core events
[    54.362] (**) Option "Device" "/dev/input/event6"
[    54.362] (**) Option "_source" "server/udev"
[    54.363] (II) event6  - ELAN Touchscreen: is tagged by udev as: Touchscreen
[    54.363] (II) event6  - ELAN Touchscreen: device is a touch device
[    54.363] (II) event6  - ELAN Touchscreen: device removed
[    54.363] (**) Option "config_info" "udev:/sys/devices/pci0000:00/0000:00:14.0/usb1/1-6/1-6:1.0/0003:04F3:250E.0001/input/input8/event6"
[    54.363] (II) XINPUT: Adding extended input device "ELAN Touchscreen" (type: TOUCHSCREEN, id 9)
[    54.363] (**) Option "AccelerationScheme" "none"
[    54.363] (**) ELAN Touchscreen: (accel) selected scheme none/0
[    54.363] (**) ELAN Touchscreen: (accel) acceleration factor: 2.000
[    54.363] (**) ELAN Touchscreen: (accel) acceleration threshold: 4
[    54.363] (II) event6  - ELAN Touchscreen: is tagged by udev as: Touchscreen
[    54.363] (II) event6  - ELAN Touchscreen: device is a touch device
[    54.364] (II) config/udev: Adding input device ELAN Touchscreen (/dev/input/mouse1)
[    54.364] (II) No input driver specified, ignoring this device.
[    54.364] (II) This device may have been added with another device file.
[    54.364] (II) config/udev: Adding input device HDA Intel PCH Mic (/dev/input/event9)
[    54.364] (II) No input driver specified, ignoring this device.
[    54.364] (II) This device may have been added with another device file.
[    54.364] (II) config/udev: Adding input device HDA Intel PCH Headphone (/dev/input/event10)
[    54.364] (II) No input driver specified, ignoring this device.
[    54.364] (II) This device may have been added with another device file.
[    54.364] (II) config/udev: Adding input device HDA Intel PCH HDMI/DP,pcm=3 (/dev/input/event11)
[    54.364] (II) No input driver specified, ignoring this device.
[    54.364] (II) This device may have been added with another device file.
[    54.365] (II) config/udev: Adding input device HDA Intel PCH HDMI/DP,pcm=7 (/dev/input/event12)
[    54.365] (II) No input driver specified, ignoring this device.
[    54.365] (II) This device may have been added with another device file.
[    54.365] (II) config/udev: Adding input device HDA Intel PCH HDMI/DP,pcm=8 (/dev/input/event13)
[    54.365] (II) No input driver specified, ignoring this device.
[    54.365] (II) This device may have been added with another device file.
[    54.365] (II) config/udev: Adding input device HDA Intel PCH HDMI/DP,pcm=9 (/dev/input/event14)
[    54.365] (II) No input driver specified, ignoring this device.
[    54.365] (II) This device may have been added with another device file.
[    54.365] (II) config/udev: Adding input device HDA Intel PCH HDMI/DP,pcm=10 (/dev/input/event15)
[    54.365] (II) No input driver specified, ignoring this device.
[    54.365] (II) This device may have been added with another device file.
[    54.366] (II) config/udev: Adding input device AT Translated Set 2 keyboard (/dev/input/event2)
[    54.366] (**) AT Translated Set 2 keyboard: Applying InputClass "libinput keyboard catchall"
[    54.366] (II) Using input driver 'libinput' for 'AT Translated Set 2 keyboard'
[    54.366] (II) systemd-logind: got fd for /dev/input/event2 13:66 fd 27 paused 0
[    54.366] (**) AT Translated Set 2 keyboard: always reports core events
[    54.366] (**) Option "Device" "/dev/input/event2"
[    54.366] (**) Option "_source" "server/udev"
[    54.366] (II) event2  - AT Translated Set 2 keyboard: is tagged by udev as: Keyboard
[    54.366] (II) event2  - AT Translated Set 2 keyboard: device is a keyboard
[    54.366] (II) event2  - AT Translated Set 2 keyboard: device removed
[    54.366] (**) Option "config_info" "udev:/sys/devices/platform/i8042/serio0/input/input2/event2"
[    54.366] (II) XINPUT: Adding extended input device "AT Translated Set 2 keyboard" (type: KEYBOARD, id 10)
[    54.366] (**) Option "xkb_model" "pc105"
[    54.366] (**) Option "xkb_layout" "us"
[    54.367] (II) event2  - AT Translated Set 2 keyboard: is tagged by udev as: Keyboard
[    54.367] (II) event2  - AT Translated Set 2 keyboard: device is a keyboard
[    54.367] (II) config/udev: Adding input device SynPS/2 Synaptics TouchPad (/dev/input/event4)
[    54.367] (**) SynPS/2 Synaptics TouchPad: Applying InputClass "libinput touchpad catchall"
[    54.367] (II) Using input driver 'libinput' for 'SynPS/2 Synaptics TouchPad'
[    54.368] (II) systemd-logind: got fd for /dev/input/event4 13:68 fd 28 paused 0
[    54.368] (**) SynPS/2 Synaptics TouchPad: always reports core events
[    54.368] (**) Option "Device" "/dev/input/event4"
[    54.368] (**) Option "_source" "server/udev"
[    54.368] (II) event4  - SynPS/2 Synaptics TouchPad: is tagged by udev as: Touchpad
[    54.368] (II) event4  - SynPS/2 Synaptics TouchPad: device is a touchpad
[    54.368] (II) event4  - SynPS/2 Synaptics TouchPad: device removed
[    54.368] (**) Option "config_info" "udev:/sys/devices/platform/i8042/serio1/input/input4/event4"
[    54.368] (II) XINPUT: Adding extended input device "SynPS/2 Synaptics TouchPad" (type: TOUCHPAD, id 11)
[    54.368] (**) Option "AccelerationScheme" "none"
[    54.368] (**) SynPS/2 Synaptics TouchPad: (accel) selected scheme none/0
[    54.368] (**) SynPS/2 Synaptics TouchPad: (accel) acceleration factor: 2.000
[    54.368] (**) SynPS/2 Synaptics TouchPad: (accel) acceleration threshold: 4
[    54.368] (II) event4  - SynPS/2 Synaptics TouchPad: is tagged by udev as: Touchpad
[    54.368] (II) event4  - SynPS/2 Synaptics TouchPad: device is a touchpad
[    54.369] (II) config/udev: Adding input device SynPS/2 Synaptics TouchPad (/dev/input/mouse0)
[    54.369] (II) No input driver specified, ignoring this device.
[    54.369] (II) This device may have been added with another device file.
[    54.370] (II) config/udev: Adding input device HP Wireless hotkeys (/dev/input/event5)
[    54.370] (**) HP Wireless hotkeys: Applying InputClass "libinput keyboard catchall"
[    54.370] (II) Using input driver 'libinput' for 'HP Wireless hotkeys'
[    54.370] (II) systemd-logind: got fd for /dev/input/event5 13:69 fd 29 paused 0
[    54.370] (**) HP Wireless hotkeys: always reports core events
[    54.370] (**) Option "Device" "/dev/input/event5"
[    54.370] (**) Option "_source" "server/udev"
[    54.371] (II) event5  - HP Wireless hotkeys: is tagged by udev as: Keyboard
[    54.371] (II) event5  - HP Wireless hotkeys: device is a keyboard
[    54.371] (II) event5  - HP Wireless hotkeys: device removed
[    54.371] (**) Option "config_info" "udev:/sys/devices/virtual/input/input6/event5"
[    54.371] (II) XINPUT: Adding extended input device "HP Wireless hotkeys" (type: KEYBOARD, id 12)
[    54.371] (**) Option "xkb_model" "pc105"
[    54.371] (**) Option "xkb_layout" "us"
[    54.371] (II) event5  - HP Wireless hotkeys: is tagged by udev as: Keyboard
[    54.371] (II) event5  - HP Wireless hotkeys: device is a keyboard
[    54.371] (II) config/udev: Adding input device HP WMI hotkeys (/dev/input/event7)
[    54.371] (**) HP WMI hotkeys: Applying InputClass "libinput keyboard catchall"
[    54.371] (II) Using input driver 'libinput' for 'HP WMI hotkeys'
[    54.372] (II) systemd-logind: got fd for /dev/input/event7 13:71 fd 30 paused 0
[    54.372] (**) HP WMI hotkeys: always reports core events
[    54.372] (**) Option "Device" "/dev/input/event7"
[    54.372] (**) Option "_source" "server/udev"
[    54.372] (II) event7  - HP WMI hotkeys: is tagged by udev as: Keyboard Switch
[    54.372] (II) event7  - HP WMI hotkeys: device is a keyboard
[    54.372] (II) event7  - HP WMI hotkeys: device is a switch device
[    54.372] (II) event7  - HP WMI hotkeys: device removed
[    54.372] (**) Option "config_info" "udev:/sys/devices/virtual/input/input7/event7"
[    54.372] (II) XINPUT: Adding extended input device "HP WMI hotkeys" (type: KEYBOARD, id 13)
[    54.372] (**) Option "xkb_model" "pc105"
[    54.372] (**) Option "xkb_layout" "us"
[    54.372] (II) event7  - HP WMI hotkeys: is tagged by udev as: Keyboard Switch
[    54.372] (II) event7  - HP WMI hotkeys: device is a keyboard
[    54.372] (II) event7  - HP WMI hotkeys: device is a switch device
[    54.923] (II) modeset(0): EDID vendor "AUO", prod id 4332
[    54.923] (II) modeset(0): Printing DDC gathered Modelines:
[    54.923] (II) modeset(0): Modeline "1366x768"x0.0   76.30  1366 1374 1384 1556  768 771 777 816 -hsync -vsync (49.0 kHz eP)
[    54.923] (II) modeset(0): Modeline "1366x768"x0.0   50.87  1366 1374 1384 1556  768 771 777 816 -hsync -vsync (32.7 kHz e)
[   847.867] (**) Option "fd" "26"
[   847.867] (II) event6  - ELAN Touchscreen: device removed
[  1106.842] (II) event6  - ELAN Touchscreen: is tagged by udev as: Touchscreen
[  1106.842] (II) event6  - ELAN Touchscreen: device is a touch device
[  2288.626] (II) event6  - ELAN Touchscreen: device removed
[  2533.392] (II) event6  - ELAN Touchscreen: is tagged by udev as: Touchscreen
[  2533.392] (II) event6  - ELAN Touchscreen: device is a touch device
[  4478.903] (II) event6  - ELAN Touchscreen: device removed
[  5128.813] (II) event6  - ELAN Touchscreen: is tagged by udev as: Touchscreen
[  5128.813] (II) event6  - ELAN Touchscreen: device is a touch device
[  5143.956] (II) event6  - ELAN Touchscreen: device removed
[  5371.894] (EE) client bug: timer event4 tap: offset negative (-108ms)
[  5372.204] (II) event6  - ELAN Touchscreen: is tagged by udev as: Touchscreen
[  5372.204] (II) event6  - ELAN Touchscreen: device is a touch device
[  5391.465] (II) event6  - ELAN Touchscreen: device removed
[  5403.116] (II) event6  - ELAN Touchscreen: is tagged by udev as: Touchscreen
[  5403.116] (II) event6  - ELAN Touchscreen: device is a touch device
[  7487.430] (II) event6  - ELAN Touchscreen: device removed
[  8137.300] (II) event6  - ELAN Touchscreen: is tagged by udev as: Touchscreen
[  8137.300] (II) event6  - ELAN Touchscreen: device is a touch device
[  8152.953] (II) event6  - ELAN Touchscreen: device removed
[  8380.758] (II) event6  - ELAN Touchscreen: is tagged by udev as: Touchscreen
[  8380.758] (II) event6  - ELAN Touchscreen: device is a touch device
[  8396.942] (II) event6  - ELAN Touchscreen: device removed
[  8398.851] (II) event6  - ELAN Touchscreen: is tagged by udev as: Touchscreen
[  8398.851] (II) event6  - ELAN Touchscreen: device is a touch device
